Build started 15.10.2015 22:18:17.
     1>Project "C:\Users\User\Desktop\Бубнова\mp2-lab1-set\sln\vc10\sample_prime_numbers\sample_prime_numbers.vcxproj" on node 3 (build target(s)).
     1>InitializeBuildStatus:
         Creating "Debug\sample_prime_numbers.unsuccessfulbuild" because "AlwaysCreate" was specified.
       ClCompile:
         All outputs are up-to-date.
       ManifestResourceCompile:
         All outputs are up-to-date.
       Link:
         C:\Program Files\Microsoft Visual Studio 10.0\VC\bin\link.exe /ERRORREPORT:PROMPT /OUT:"C:\Users\User\Desktop\Бубнова\mp2-lab1-set\sln\vc10\Debug\sample_prime_numbers.exe" /INCREMENTAL /NOLOGO /LIBPATH:../Debug bitfield.lib kernel32.lib user32.lib gdi32.lib winspool.lib comdlg32.lib advapi32.lib shell32.lib ole32.lib oleaut32.lib uuid.lib odbc32.lib odbccp32.lib /MANIFEST /ManifestFile:"Debug\sample_prime_numbers.exe.intermediate.manifest" /MANIFESTUAC:"level='asInvoker' uiAccess='false'" /DEBUG /PDB:"C:\Users\User\Desktop\Бубнова\mp2-lab1-set\sln\vc10\Debug\sample_prime_numbers.pdb" /SUBSYSTEM:CONSOLE /TLBID:1 /DYNAMICBASE /NXCOMPAT /IMPLIB:"C:\Users\User\Desktop\Бубнова\mp2-lab1-set\sln\vc10\Debug\sample_prime_numbers.lib" /MACHINE:X86 Debug\sample_prime_numbers.exe.embed.manifest.res
         Debug\sample_prime_numbers.obj
         "C:\Users\User\Desktop\Бубнова\mp2-lab1-set\sln\vc10\Debug\bitfield.lib"
       Manifest:
         C:\Program Files\Microsoft SDKs\Windows\v7.0A\bin\mt.exe /nologo /verbose /out:"Debug\sample_prime_numbers.exe.embed.manifest" /manifest Debug\sample_prime_numbers.exe.intermediate.manifest
         All outputs are up-to-date.
       LinkEmbedManifest:
         All outputs are up-to-date.
         sample_prime_numbers.vcxproj -> C:\Users\User\Desktop\Бубнова\mp2-lab1-set\sln\vc10\Debug\sample_prime_numbers.exe
       FinalizeBuildStatus:
         Deleting file "Debug\sample_prime_numbers.unsuccessfulbuild".
         Touching "Debug\sample_prime_numbers.lastbuildstate".
     1>Done Building Project "C:\Users\User\Desktop\Бубнова\mp2-lab1-set\sln\vc10\sample_prime_numbers\sample_prime_numbers.vcxproj" (build target(s)).

Build succeeded.

Time Elapsed 00:00:01.52
